<?xml version="1.0" encoding="UTF-8"?>
<!-- Generated by org.testng.reporters.JUnitReportReporter -->
<testsuite hostname="DESKTOP-7PFURVE" name="tvd.trm.qa.testcases.UserapprovalTest" tests="2" failures="0" timestamp="19 Mar 2019 07:51:08 GMT" time="79.778" errors="0">
  <testcase name="Click_on_Checkbox" time="39.023" classname="tvd.trm.qa.testcases.UserapprovalTest"/>
  <testcase name="CaptureTextTest" time="40.755" classname="tvd.trm.qa.testcases.UserapprovalTest"/>
</testsuite> <!-- tvd.trm.qa.testcases.UserapprovalTest -->
