<?xml version="1.0" encoding="UTF-8"?>
<!-- Generated by org.testng.reporters.JUnitReportReporter -->
<testsuite hostname="DESKTOP-7PFURVE" name="tvd.trm.qa.testcases.Homepagetest" tests="4" failures="0" timestamp="8 Mar 2019 12:47:08 GMT" time="139.788" errors="0">
  <testcase name="mousehover" time="35.426" classname="tvd.trm.qa.testcases.Homepagetest"/>
  <testcase name="verifyloginpagetitletest" time="34.342" classname="tvd.trm.qa.testcases.Homepagetest"/>
  <testcase name="subdivlabledisplay" time="35.713" classname="tvd.trm.qa.testcases.Homepagetest"/>
  <testcase name="companynamelable" time="34.307" classname="tvd.trm.qa.testcases.Homepagetest"/>
</testsuite> <!-- tvd.trm.qa.testcases.Homepagetest -->
