<?xml version="1.0" encoding="UTF-8"?>
<!-- Generated by org.testng.reporters.JUnitReportReporter -->
<testsuite hostname="DESKTOP-7PFURVE" name="tvd.trm.qa.pages.Loginpage" tests="1" failures="0" timestamp="18 Feb 2019 07:23:16 GMT" time="33.384" errors="0">
  <testcase name="initialisation" time="33.384" classname="tvd.trm.qa.pages.Loginpage"/>
</testsuite> <!-- tvd.trm.qa.pages.Loginpage -->
